CRITICAL - 2021-10-26 10:48:52 --> A non-numeric value encountered
#0 /home/depinf/lampstack/frameworks/codeigniter/app/Views/alumnes/llistagrup.php(37): CodeIgniter\Debug\Exceptions->errorHandler()
#1 /home/depinf/lampstack/frameworks/codeigniter/system/View/View.php(214): include('...')
#2 /home/depinf/lampstack/frameworks/codeigniter/system/View/View.php(217): CodeIgniter\View\View->CodeIgniter\View\{closure}()
#3 /home/depinf/lampstack/frameworks/codeigniter/system/Common.php(1092): CodeIgniter\View\View->render()
#4 /home/depinf/lampstack/frameworks/codeigniter/app/Controllers/AlumnosController.php(43): view()
#5 /home/depinf/lampstack/frameworks/codeigniter/system/CodeIgniter.php(802): App\Controllers\AlumnosController->grup()
#6 /home/depinf/lampstack/frameworks/codeigniter/system/CodeIgniter.php(399): CodeIgniter\CodeIgniter->runController()
#7 /home/depinf/lampstack/frameworks/codeigniter/system/CodeIgniter.php(317): CodeIgniter\CodeIgniter->handleRequest()
#8 /home/depinf/lampstack/frameworks/codeigniter/public/index.php(37): CodeIgniter\CodeIgniter->run()
#9 {main}
CRITICAL - 2021-10-26 10:49:22 --> A non-numeric value encountered
#0 /home/depinf/lampstack/frameworks/codeigniter/app/Views/alumnes/llistagrup.php(37): CodeIgniter\Debug\Exceptions->errorHandler()
#1 /home/depinf/lampstack/frameworks/codeigniter/system/View/View.php(214): include('...')
#2 /home/depinf/lampstack/frameworks/codeigniter/system/View/View.php(217): CodeIgniter\View\View->CodeIgniter\View\{closure}()
#3 /home/depinf/lampstack/frameworks/codeigniter/system/Common.php(1092): CodeIgniter\View\View->render()
#4 /home/depinf/lampstack/frameworks/codeigniter/app/Controllers/AlumnosController.php(43): view()
#5 /home/depinf/lampstack/frameworks/codeigniter/system/CodeIgniter.php(802): App\Controllers\AlumnosController->grup()
#6 /home/depinf/lampstack/frameworks/codeigniter/system/CodeIgniter.php(399): CodeIgniter\CodeIgniter->runController()
#7 /home/depinf/lampstack/frameworks/codeigniter/system/CodeIgniter.php(317): CodeIgniter\CodeIgniter->handleRequest()
#8 /home/depinf/lampstack/frameworks/codeigniter/public/index.php(37): CodeIgniter\CodeIgniter->run()
#9 {main}
CRITICAL - 2021-10-26 10:49:27 --> A non-numeric value encountered
#0 /home/depinf/lampstack/frameworks/codeigniter/app/Views/alumnes/llistagrup.php(37): CodeIgniter\Debug\Exceptions->errorHandler()
#1 /home/depinf/lampstack/frameworks/codeigniter/system/View/View.php(214): include('...')
#2 /home/depinf/lampstack/frameworks/codeigniter/system/View/View.php(217): CodeIgniter\View\View->CodeIgniter\View\{closure}()
#3 /home/depinf/lampstack/frameworks/codeigniter/system/Common.php(1092): CodeIgniter\View\View->render()
#4 /home/depinf/lampstack/frameworks/codeigniter/app/Controllers/AlumnosController.php(43): view()
#5 /home/depinf/lampstack/frameworks/codeigniter/system/CodeIgniter.php(802): App\Controllers\AlumnosController->grup()
#6 /home/depinf/lampstack/frameworks/codeigniter/system/CodeIgniter.php(399): CodeIgniter\CodeIgniter->runController()
#7 /home/depinf/lampstack/frameworks/codeigniter/system/CodeIgniter.php(317): CodeIgniter\CodeIgniter->handleRequest()
#8 /home/depinf/lampstack/frameworks/codeigniter/public/index.php(37): CodeIgniter\CodeIgniter->run()
#9 {main}
CRITICAL - 2021-10-26 11:22:13 --> Class "Auxiliar" not found
#0 /home/depinf/lampstack/frameworks/codeigniter/system/View/View.php(214): include()
#1 /home/depinf/lampstack/frameworks/codeigniter/system/View/View.php(217): CodeIgniter\View\View->CodeIgniter\View\{closure}()
#2 /home/depinf/lampstack/frameworks/codeigniter/system/Common.php(1092): CodeIgniter\View\View->render()
#3 /home/depinf/lampstack/frameworks/codeigniter/app/Controllers/AlumnosController.php(43): view()
#4 /home/depinf/lampstack/frameworks/codeigniter/system/CodeIgniter.php(802): App\Controllers\AlumnosController->grup()
#5 /home/depinf/lampstack/frameworks/codeigniter/system/CodeIgniter.php(399): CodeIgniter\CodeIgniter->runController()
#6 /home/depinf/lampstack/frameworks/codeigniter/system/CodeIgniter.php(317): CodeIgniter\CodeIgniter->handleRequest()
#7 /home/depinf/lampstack/frameworks/codeigniter/public/index.php(37): CodeIgniter\CodeIgniter->run()
#8 {main}
CRITICAL - 2021-10-26 11:23:08 --> Class "Auxiliar" not found
#0 /home/depinf/lampstack/frameworks/codeigniter/system/View/View.php(214): include()
#1 /home/depinf/lampstack/frameworks/codeigniter/system/View/View.php(217): CodeIgniter\View\View->CodeIgniter\View\{closure}()
#2 /home/depinf/lampstack/frameworks/codeigniter/system/Common.php(1092): CodeIgniter\View\View->render()
#3 /home/depinf/lampstack/frameworks/codeigniter/app/Controllers/AlumnosController.php(44): view()
#4 /home/depinf/lampstack/frameworks/codeigniter/system/CodeIgniter.php(802): App\Controllers\AlumnosController->grup()
#5 /home/depinf/lampstack/frameworks/codeigniter/system/CodeIgniter.php(399): CodeIgniter\CodeIgniter->runController()
#6 /home/depinf/lampstack/frameworks/codeigniter/system/CodeIgniter.php(317): CodeIgniter\CodeIgniter->handleRequest()
#7 /home/depinf/lampstack/frameworks/codeigniter/public/index.php(37): CodeIgniter\CodeIgniter->run()
#8 {main}
CRITICAL - 2021-10-26 11:23:09 --> Class "Auxiliar" not found
#0 /home/depinf/lampstack/frameworks/codeigniter/system/View/View.php(214): include()
#1 /home/depinf/lampstack/frameworks/codeigniter/system/View/View.php(217): CodeIgniter\View\View->CodeIgniter\View\{closure}()
#2 /home/depinf/lampstack/frameworks/codeigniter/system/Common.php(1092): CodeIgniter\View\View->render()
#3 /home/depinf/lampstack/frameworks/codeigniter/app/Controllers/AlumnosController.php(44): view()
#4 /home/depinf/lampstack/frameworks/codeigniter/system/CodeIgniter.php(802): App\Controllers\AlumnosController->grup()
#5 /home/depinf/lampstack/frameworks/codeigniter/system/CodeIgniter.php(399): CodeIgniter\CodeIgniter->runController()
#6 /home/depinf/lampstack/frameworks/codeigniter/system/CodeIgniter.php(317): CodeIgniter\CodeIgniter->handleRequest()
#7 /home/depinf/lampstack/frameworks/codeigniter/public/index.php(37): CodeIgniter\CodeIgniter->run()
#8 {main}
CRITICAL - 2021-10-26 11:26:58 --> Class "Auxiliar" not found
#0 /home/depinf/lampstack/frameworks/codeigniter/system/View/View.php(214): include()
#1 /home/depinf/lampstack/frameworks/codeigniter/system/View/View.php(217): CodeIgniter\View\View->CodeIgniter\View\{closure}()
#2 /home/depinf/lampstack/frameworks/codeigniter/system/Common.php(1092): CodeIgniter\View\View->render()
#3 /home/depinf/lampstack/frameworks/codeigniter/app/Controllers/AlumnosController.php(44): view()
#4 /home/depinf/lampstack/frameworks/codeigniter/system/CodeIgniter.php(802): App\Controllers\AlumnosController->grup()
#5 /home/depinf/lampstack/frameworks/codeigniter/system/CodeIgniter.php(399): CodeIgniter\CodeIgniter->runController()
#6 /home/depinf/lampstack/frameworks/codeigniter/system/CodeIgniter.php(317): CodeIgniter\CodeIgniter->handleRequest()
#7 /home/depinf/lampstack/frameworks/codeigniter/public/index.php(37): CodeIgniter\CodeIgniter->run()
#8 {main}
CRITICAL - 2021-10-26 11:27:02 --> Class "Auxiliar" not found
#0 /home/depinf/lampstack/frameworks/codeigniter/system/View/View.php(214): include()
#1 /home/depinf/lampstack/frameworks/codeigniter/system/View/View.php(217): CodeIgniter\View\View->CodeIgniter\View\{closure}()
#2 /home/depinf/lampstack/frameworks/codeigniter/system/Common.php(1092): CodeIgniter\View\View->render()
#3 /home/depinf/lampstack/frameworks/codeigniter/app/Controllers/AlumnosController.php(44): view()
#4 /home/depinf/lampstack/frameworks/codeigniter/system/CodeIgniter.php(802): App\Controllers\AlumnosController->grup()
#5 /home/depinf/lampstack/frameworks/codeigniter/system/CodeIgniter.php(399): CodeIgniter\CodeIgniter->runController()
#6 /home/depinf/lampstack/frameworks/codeigniter/system/CodeIgniter.php(317): CodeIgniter\CodeIgniter->handleRequest()
#7 /home/depinf/lampstack/frameworks/codeigniter/public/index.php(37): CodeIgniter\CodeIgniter->run()
#8 {main}
CRITICAL - 2021-10-26 11:28:14 --> Class "App\Libraries\Auxiliar" not found
#0 /home/depinf/lampstack/frameworks/codeigniter/system/CodeIgniter.php(802): App\Controllers\AlumnosController->grup()
#1 /home/depinf/lampstack/frameworks/codeigniter/system/CodeIgniter.php(399): CodeIgniter\CodeIgniter->runController()
#2 /home/depinf/lampstack/frameworks/codeigniter/system/CodeIgniter.php(317): CodeIgniter\CodeIgniter->handleRequest()
#3 /home/depinf/lampstack/frameworks/codeigniter/public/index.php(37): CodeIgniter\CodeIgniter->run()
#4 {main}
CRITICAL - 2021-10-26 11:29:54 --> Class "App\Libraries\Auxiliar" not found
#0 /home/depinf/lampstack/frameworks/codeigniter/system/CodeIgniter.php(802): App\Controllers\AlumnosController->grup()
#1 /home/depinf/lampstack/frameworks/codeigniter/system/CodeIgniter.php(399): CodeIgniter\CodeIgniter->runController()
#2 /home/depinf/lampstack/frameworks/codeigniter/system/CodeIgniter.php(317): CodeIgniter\CodeIgniter->handleRequest()
#3 /home/depinf/lampstack/frameworks/codeigniter/public/index.php(37): CodeIgniter\CodeIgniter->run()
#4 {main}
CRITICAL - 2021-10-26 11:29:55 --> Class "App\Libraries\Auxiliar" not found
#0 /home/depinf/lampstack/frameworks/codeigniter/system/CodeIgniter.php(802): App\Controllers\AlumnosController->grup()
#1 /home/depinf/lampstack/frameworks/codeigniter/system/CodeIgniter.php(399): CodeIgniter\CodeIgniter->runController()
#2 /home/depinf/lampstack/frameworks/codeigniter/system/CodeIgniter.php(317): CodeIgniter\CodeIgniter->handleRequest()
#3 /home/depinf/lampstack/frameworks/codeigniter/public/index.php(37): CodeIgniter\CodeIgniter->run()
#4 {main}
CRITICAL - 2021-10-26 11:31:03 --> Class "Auxiliar" not found
#0 /home/depinf/lampstack/frameworks/codeigniter/system/CodeIgniter.php(802): App\Controllers\AlumnosController->grup()
#1 /home/depinf/lampstack/frameworks/codeigniter/system/CodeIgniter.php(399): CodeIgniter\CodeIgniter->runController()
#2 /home/depinf/lampstack/frameworks/codeigniter/system/CodeIgniter.php(317): CodeIgniter\CodeIgniter->handleRequest()
#3 /home/depinf/lampstack/frameworks/codeigniter/public/index.php(37): CodeIgniter\CodeIgniter->run()
#4 {main}
CRITICAL - 2021-10-26 11:31:46 --> Class "Auxiliar" not found
#0 /home/depinf/lampstack/frameworks/codeigniter/system/CodeIgniter.php(802): App\Controllers\AlumnosController->grup()
#1 /home/depinf/lampstack/frameworks/codeigniter/system/CodeIgniter.php(399): CodeIgniter\CodeIgniter->runController()
#2 /home/depinf/lampstack/frameworks/codeigniter/system/CodeIgniter.php(317): CodeIgniter\CodeIgniter->handleRequest()
#3 /home/depinf/lampstack/frameworks/codeigniter/public/index.php(37): CodeIgniter\CodeIgniter->run()
#4 {main}
CRITICAL - 2021-10-26 11:47:41 --> Call to undefined function App\Controllers\load()
#0 /home/depinf/lampstack/frameworks/codeigniter/system/CodeIgniter.php(802): App\Controllers\AlumnosController->grup()
#1 /home/depinf/lampstack/frameworks/codeigniter/system/CodeIgniter.php(399): CodeIgniter\CodeIgniter->runController()
#2 /home/depinf/lampstack/frameworks/codeigniter/system/CodeIgniter.php(317): CodeIgniter\CodeIgniter->handleRequest()
#3 /home/depinf/lampstack/frameworks/codeigniter/public/index.php(37): CodeIgniter\CodeIgniter->run()
#4 {main}
CRITICAL - 2021-10-26 11:48:31 --> Undefined variable $edad
#0 /home/depinf/lampstack/frameworks/codeigniter/app/Views/alumnes/llistagrup.php(38): CodeIgniter\Debug\Exceptions->errorHandler()
#1 /home/depinf/lampstack/frameworks/codeigniter/system/View/View.php(214): include('...')
#2 /home/depinf/lampstack/frameworks/codeigniter/system/View/View.php(217): CodeIgniter\View\View->CodeIgniter\View\{closure}()
#3 /home/depinf/lampstack/frameworks/codeigniter/system/Common.php(1092): CodeIgniter\View\View->render()
#4 /home/depinf/lampstack/frameworks/codeigniter/app/Controllers/AlumnosController.php(44): view()
#5 /home/depinf/lampstack/frameworks/codeigniter/system/CodeIgniter.php(802): App\Controllers\AlumnosController->grup()
#6 /home/depinf/lampstack/frameworks/codeigniter/system/CodeIgniter.php(399): CodeIgniter\CodeIgniter->runController()
#7 /home/depinf/lampstack/frameworks/codeigniter/system/CodeIgniter.php(317): CodeIgniter\CodeIgniter->handleRequest()
#8 /home/depinf/lampstack/frameworks/codeigniter/public/index.php(37): CodeIgniter\CodeIgniter->run()
#9 {main}
